=== puma startup: 2017-03-10 17:43:48 +0000 ===
2017-03-10 17:44:54 +0000: Rack app error: #<RuntimeError: Missing `secret_key_base` for 'production' environment, set this value in `config/secrets.yml`>
/root/.rbenv/versions/2.2.4/lib/ruby/gems/2.2.0/gems/railties-4.1.4/lib/rails/application.rb:452:in `validate_secret_key_config!'
/root/.rbenv/versions/2.2.4/lib/ruby/gems/2.2.0/gems/railties-4.1.4/lib/rails/application.rb:195:in `env_config'
/root/.rbenv/versions/2.2.4/lib/ruby/gems/2.2.0/gems/railties-4.1.4/lib/rails/engine.rb:510:in `call'
/root/.rbenv/versions/2.2.4/lib/ruby/gems/2.2.0/gems/railties-4.1.4/lib/rails/application.rb:144:in `call'
/root/.rbenv/versions/2.2.4/lib/ruby/gems/2.2.0/gems/puma-2.16.0/lib/puma/configuration.rb:81:in `call'
/root/.rbenv/versions/2.2.4/lib/ruby/gems/2.2.0/gems/puma-2.16.0/lib/puma/server.rb:557:in `handle_request'
/root/.rbenv/versions/2.2.4/lib/ruby/gems/2.2.0/gems/puma-2.16.0/lib/puma/server.rb:404:in `process_client'
/root/.rbenv/versions/2.2.4/lib/ruby/gems/2.2.0/gems/puma-2.16.0/lib/puma/server.rb:270:in `block in run'
/root/.rbenv/versions/2.2.4/lib/ruby/gems/2.2.0/gems/puma-2.16.0/lib/puma/thread_pool.rb:106:in `call'
/root/.rbenv/versions/2.2.4/lib/ruby/gems/2.2.0/gems/puma-2.16.0/lib/puma/thread_pool.rb:106:in `block in spawn_thread'
2017-03-10 17:45:43 +0000: Rack app error: #<RuntimeError: Missing `secret_key_base` for 'production' environment, set this value in `config/secrets.yml`>
/root/.rbenv/versions/2.2.4/lib/ruby/gems/2.2.0/gems/railties-4.1.4/lib/rails/application.rb:452:in `validate_secret_key_config!'
/root/.rbenv/versions/2.2.4/lib/ruby/gems/2.2.0/gems/railties-4.1.4/lib/rails/application.rb:195:in `env_config'
/root/.rbenv/versions/2.2.4/lib/ruby/gems/2.2.0/gems/railties-4.1.4/lib/rails/engine.rb:510:in `call'
/root/.rbenv/versions/2.2.4/lib/ruby/gems/2.2.0/gems/railties-4.1.4/lib/rails/application.rb:144:in `call'
/root/.rbenv/versions/2.2.4/lib/ruby/gems/2.2.0/gems/puma-2.16.0/lib/puma/configuration.rb:81:in `call'
/root/.rbenv/versions/2.2.4/lib/ruby/gems/2.2.0/gems/puma-2.16.0/lib/puma/server.rb:557:in `handle_request'
/root/.rbenv/versions/2.2.4/lib/ruby/gems/2.2.0/gems/puma-2.16.0/lib/puma/server.rb:404:in `process_client'
/root/.rbenv/versions/2.2.4/lib/ruby/gems/2.2.0/gems/puma-2.16.0/lib/puma/server.rb:270:in `block in run'
/root/.rbenv/versions/2.2.4/lib/ruby/gems/2.2.0/gems/puma-2.16.0/lib/puma/thread_pool.rb:106:in `call'
/root/.rbenv/versions/2.2.4/lib/ruby/gems/2.2.0/gems/puma-2.16.0/lib/puma/thread_pool.rb:106:in `block in spawn_thread'
2017-03-10 17:50:29 +0000: Rack app error: #<RuntimeError: Missing `secret_key_base` for 'production' environment, set this value in `config/secrets.yml`>
/root/.rbenv/versions/2.2.4/lib/ruby/gems/2.2.0/gems/railties-4.1.4/lib/rails/application.rb:452:in `validate_secret_key_config!'
/root/.rbenv/versions/2.2.4/lib/ruby/gems/2.2.0/gems/railties-4.1.4/lib/rails/application.rb:195:in `env_config'
/root/.rbenv/versions/2.2.4/lib/ruby/gems/2.2.0/gems/railties-4.1.4/lib/rails/engine.rb:510:in `call'
/root/.rbenv/versions/2.2.4/lib/ruby/gems/2.2.0/gems/railties-4.1.4/lib/rails/application.rb:144:in `call'
/root/.rbenv/versions/2.2.4/lib/ruby/gems/2.2.0/gems/puma-2.16.0/lib/puma/configuration.rb:81:in `call'
/root/.rbenv/versions/2.2.4/lib/ruby/gems/2.2.0/gems/puma-2.16.0/lib/puma/server.rb:557:in `handle_request'
/root/.rbenv/versions/2.2.4/lib/ruby/gems/2.2.0/gems/puma-2.16.0/lib/puma/server.rb:404:in `process_client'
/root/.rbenv/versions/2.2.4/lib/ruby/gems/2.2.0/gems/puma-2.16.0/lib/puma/server.rb:270:in `block in run'
/root/.rbenv/versions/2.2.4/lib/ruby/gems/2.2.0/gems/puma-2.16.0/lib/puma/thread_pool.rb:106:in `call'
/root/.rbenv/versions/2.2.4/lib/ruby/gems/2.2.0/gems/puma-2.16.0/lib/puma/thread_pool.rb:106:in `block in spawn_thread'
2017-03-10 17:50:39 +0000: Rack app error: #<RuntimeError: Missing `secret_key_base` for 'production' environment, set this value in `config/secrets.yml`>
/root/.rbenv/versions/2.2.4/lib/ruby/gems/2.2.0/gems/railties-4.1.4/lib/rails/application.rb:452:in `validate_secret_key_config!'
/root/.rbenv/versions/2.2.4/lib/ruby/gems/2.2.0/gems/railties-4.1.4/lib/rails/application.rb:195:in `env_config'
/root/.rbenv/versions/2.2.4/lib/ruby/gems/2.2.0/gems/railties-4.1.4/lib/rails/engine.rb:510:in `call'
/root/.rbenv/versions/2.2.4/lib/ruby/gems/2.2.0/gems/railties-4.1.4/lib/rails/application.rb:144:in `call'
/root/.rbenv/versions/2.2.4/lib/ruby/gems/2.2.0/gems/puma-2.16.0/lib/puma/configuration.rb:81:in `call'
/root/.rbenv/versions/2.2.4/lib/ruby/gems/2.2.0/gems/puma-2.16.0/lib/puma/server.rb:557:in `handle_request'
/root/.rbenv/versions/2.2.4/lib/ruby/gems/2.2.0/gems/puma-2.16.0/lib/puma/server.rb:404:in `process_client'
/root/.rbenv/versions/2.2.4/lib/ruby/gems/2.2.0/gems/puma-2.16.0/lib/puma/server.rb:270:in `block in run'
/root/.rbenv/versions/2.2.4/lib/ruby/gems/2.2.0/gems/puma-2.16.0/lib/puma/thread_pool.rb:106:in `call'
/root/.rbenv/versions/2.2.4/lib/ruby/gems/2.2.0/gems/puma-2.16.0/lib/puma/thread_pool.rb:106:in `block in spawn_thread'
2017-03-10 17:50:44 +0000: Rack app error: #<RuntimeError: Missing `secret_key_base` for 'production' environment, set this value in `config/secrets.yml`>
/root/.rbenv/versions/2.2.4/lib/ruby/gems/2.2.0/gems/railties-4.1.4/lib/rails/application.rb:452:in `validate_secret_key_config!'
/root/.rbenv/versions/2.2.4/lib/ruby/gems/2.2.0/gems/railties-4.1.4/lib/rails/application.rb:195:in `env_config'
/root/.rbenv/versions/2.2.4/lib/ruby/gems/2.2.0/gems/railties-4.1.4/lib/rails/engine.rb:510:in `call'
/root/.rbenv/versions/2.2.4/lib/ruby/gems/2.2.0/gems/railties-4.1.4/lib/rails/application.rb:144:in `call'
/root/.rbenv/versions/2.2.4/lib/ruby/gems/2.2.0/gems/puma-2.16.0/lib/puma/configuration.rb:81:in `call'
/root/.rbenv/versions/2.2.4/lib/ruby/gems/2.2.0/gems/puma-2.16.0/lib/puma/server.rb:557:in `handle_request'
/root/.rbenv/versions/2.2.4/lib/ruby/gems/2.2.0/gems/puma-2.16.0/lib/puma/server.rb:404:in `process_client'
/root/.rbenv/versions/2.2.4/lib/ruby/gems/2.2.0/gems/puma-2.16.0/lib/puma/server.rb:270:in `block in run'
/root/.rbenv/versions/2.2.4/lib/ruby/gems/2.2.0/gems/puma-2.16.0/lib/puma/thread_pool.rb:106:in `call'
/root/.rbenv/versions/2.2.4/lib/ruby/gems/2.2.0/gems/puma-2.16.0/lib/puma/thread_pool.rb:106:in `block in spawn_thread'
2017-03-10 17:52:42 +0000: Rack app error: #<RuntimeError: Missing `secret_key_base` for 'production' environment, set this value in `config/secrets.yml`>
/root/.rbenv/versions/2.2.4/lib/ruby/gems/2.2.0/gems/railties-4.1.4/lib/rails/application.rb:452:in `validate_secret_key_config!'
/root/.rbenv/versions/2.2.4/lib/ruby/gems/2.2.0/gems/railties-4.1.4/lib/rails/application.rb:195:in `env_config'
/root/.rbenv/versions/2.2.4/lib/ruby/gems/2.2.0/gems/railties-4.1.4/lib/rails/engine.rb:510:in `call'
/root/.rbenv/versions/2.2.4/lib/ruby/gems/2.2.0/gems/railties-4.1.4/lib/rails/application.rb:144:in `call'
/root/.rbenv/versions/2.2.4/lib/ruby/gems/2.2.0/gems/puma-2.16.0/lib/puma/configuration.rb:81:in `call'
/root/.rbenv/versions/2.2.4/lib/ruby/gems/2.2.0/gems/puma-2.16.0/lib/puma/server.rb:557:in `handle_request'
/root/.rbenv/versions/2.2.4/lib/ruby/gems/2.2.0/gems/puma-2.16.0/lib/puma/server.rb:404:in `process_client'
/root/.rbenv/versions/2.2.4/lib/ruby/gems/2.2.0/gems/puma-2.16.0/lib/puma/server.rb:270:in `block in run'
/root/.rbenv/versions/2.2.4/lib/ruby/gems/2.2.0/gems/puma-2.16.0/lib/puma/thread_pool.rb:106:in `call'
/root/.rbenv/versions/2.2.4/lib/ruby/gems/2.2.0/gems/puma-2.16.0/lib/puma/thread_pool.rb:106:in `block in spawn_thread'
2017-03-10 17:52:42 +0000: Rack app error: #<RuntimeError: Missing `secret_key_base` for 'production' environment, set this value in `config/secrets.yml`>
/root/.rbenv/versions/2.2.4/lib/ruby/gems/2.2.0/gems/railties-4.1.4/lib/rails/application.rb:452:in `validate_secret_key_config!'
/root/.rbenv/versions/2.2.4/lib/ruby/gems/2.2.0/gems/railties-4.1.4/lib/rails/application.rb:195:in `env_config'
/root/.rbenv/versions/2.2.4/lib/ruby/gems/2.2.0/gems/railties-4.1.4/lib/rails/engine.rb:510:in `call'
/root/.rbenv/versions/2.2.4/lib/ruby/gems/2.2.0/gems/railties-4.1.4/lib/rails/application.rb:144:in `call'
/root/.rbenv/versions/2.2.4/lib/ruby/gems/2.2.0/gems/puma-2.16.0/lib/puma/configuration.rb:81:in `call'
/root/.rbenv/versions/2.2.4/lib/ruby/gems/2.2.0/gems/puma-2.16.0/lib/puma/server.rb:557:in `handle_request'
/root/.rbenv/versions/2.2.4/lib/ruby/gems/2.2.0/gems/puma-2.16.0/lib/puma/server.rb:404:in `process_client'
/root/.rbenv/versions/2.2.4/lib/ruby/gems/2.2.0/gems/puma-2.16.0/lib/puma/server.rb:270:in `block in run'
/root/.rbenv/versions/2.2.4/lib/ruby/gems/2.2.0/gems/puma-2.16.0/lib/puma/thread_pool.rb:106:in `call'
/root/.rbenv/versions/2.2.4/lib/ruby/gems/2.2.0/gems/puma-2.16.0/lib/puma/thread_pool.rb:106:in `block in spawn_thread'
2017-03-10 17:57:33 +0000: Rack app error: #<RuntimeError: Missing `secret_key_base` for 'production' environment, set this value in `config/secrets.yml`>
/root/.rbenv/versions/2.2.4/lib/ruby/gems/2.2.0/gems/railties-4.1.4/lib/rails/application.rb:452:in `validate_secret_key_config!'
/root/.rbenv/versions/2.2.4/lib/ruby/gems/2.2.0/gems/railties-4.1.4/lib/rails/application.rb:195:in `env_config'
/root/.rbenv/versions/2.2.4/lib/ruby/gems/2.2.0/gems/railties-4.1.4/lib/rails/engine.rb:510:in `call'
/root/.rbenv/versions/2.2.4/lib/ruby/gems/2.2.0/gems/railties-4.1.4/lib/rails/application.rb:144:in `call'
/root/.rbenv/versions/2.2.4/lib/ruby/gems/2.2.0/gems/puma-2.16.0/lib/puma/configuration.rb:81:in `call'
/root/.rbenv/versions/2.2.4/lib/ruby/gems/2.2.0/gems/puma-2.16.0/lib/puma/server.rb:557:in `handle_request'
/root/.rbenv/versions/2.2.4/lib/ruby/gems/2.2.0/gems/puma-2.16.0/lib/puma/server.rb:404:in `process_client'
/root/.rbenv/versions/2.2.4/lib/ruby/gems/2.2.0/gems/puma-2.16.0/lib/puma/server.rb:270:in `block in run'
/root/.rbenv/versions/2.2.4/lib/ruby/gems/2.2.0/gems/puma-2.16.0/lib/puma/thread_pool.rb:106:in `call'
/root/.rbenv/versions/2.2.4/lib/ruby/gems/2.2.0/gems/puma-2.16.0/lib/puma/thread_pool.rb:106:in `block in spawn_thread'
2017-03-10 18:04:09 +0000: Rack app error: #<RuntimeError: Missing `secret_key_base` for 'production' environment, set this value in `config/secrets.yml`>
/root/.rbenv/versions/2.2.4/lib/ruby/gems/2.2.0/gems/railties-4.1.4/lib/rails/application.rb:452:in `validate_secret_key_config!'
/root/.rbenv/versions/2.2.4/lib/ruby/gems/2.2.0/gems/railties-4.1.4/lib/rails/application.rb:195:in `env_config'
/root/.rbenv/versions/2.2.4/lib/ruby/gems/2.2.0/gems/railties-4.1.4/lib/rails/engine.rb:510:in `call'
/root/.rbenv/versions/2.2.4/lib/ruby/gems/2.2.0/gems/railties-4.1.4/lib/rails/application.rb:144:in `call'
/root/.rbenv/versions/2.2.4/lib/ruby/gems/2.2.0/gems/puma-2.16.0/lib/puma/configuration.rb:81:in `call'
/root/.rbenv/versions/2.2.4/lib/ruby/gems/2.2.0/gems/puma-2.16.0/lib/puma/server.rb:557:in `handle_request'
/root/.rbenv/versions/2.2.4/lib/ruby/gems/2.2.0/gems/puma-2.16.0/lib/puma/server.rb:404:in `process_client'
/root/.rbenv/versions/2.2.4/lib/ruby/gems/2.2.0/gems/puma-2.16.0/lib/puma/server.rb:270:in `block in run'
/root/.rbenv/versions/2.2.4/lib/ruby/gems/2.2.0/gems/puma-2.16.0/lib/puma/thread_pool.rb:106:in `call'
/root/.rbenv/versions/2.2.4/lib/ruby/gems/2.2.0/gems/puma-2.16.0/lib/puma/thread_pool.rb:106:in `block in spawn_thread'
2017-03-10 18:05:48 +0000: Rack app error: #<RuntimeError: Missing `secret_key_base` for 'production' environment, set this value in `config/secrets.yml`>
/root/.rbenv/versions/2.2.4/lib/ruby/gems/2.2.0/gems/railties-4.1.4/lib/rails/application.rb:452:in `validate_secret_key_config!'
/root/.rbenv/versions/2.2.4/lib/ruby/gems/2.2.0/gems/railties-4.1.4/lib/rails/application.rb:195:in `env_config'
/root/.rbenv/versions/2.2.4/lib/ruby/gems/2.2.0/gems/railties-4.1.4/lib/rails/engine.rb:510:in `call'
/root/.rbenv/versions/2.2.4/lib/ruby/gems/2.2.0/gems/railties-4.1.4/lib/rails/application.rb:144:in `call'
/root/.rbenv/versions/2.2.4/lib/ruby/gems/2.2.0/gems/puma-2.16.0/lib/puma/configuration.rb:81:in `call'
/root/.rbenv/versions/2.2.4/lib/ruby/gems/2.2.0/gems/puma-2.16.0/lib/puma/server.rb:557:in `handle_request'
/root/.rbenv/versions/2.2.4/lib/ruby/gems/2.2.0/gems/puma-2.16.0/lib/puma/server.rb:404:in `process_client'
/root/.rbenv/versions/2.2.4/lib/ruby/gems/2.2.0/gems/puma-2.16.0/lib/puma/server.rb:270:in `block in run'
/root/.rbenv/versions/2.2.4/lib/ruby/gems/2.2.0/gems/puma-2.16.0/lib/puma/thread_pool.rb:106:in `call'
/root/.rbenv/versions/2.2.4/lib/ruby/gems/2.2.0/gems/puma-2.16.0/lib/puma/thread_pool.rb:106:in `block in spawn_thread'
2017-03-10 18:31:58 +0000: Rack app error: #<RuntimeError: Missing `secret_key_base` for 'production' environment, set this value in `config/secrets.yml`>
/root/.rbenv/versions/2.2.4/lib/ruby/gems/2.2.0/gems/railties-4.1.4/lib/rails/application.rb:452:in `validate_secret_key_config!'
/root/.rbenv/versions/2.2.4/lib/ruby/gems/2.2.0/gems/railties-4.1.4/lib/rails/application.rb:195:in `env_config'
/root/.rbenv/versions/2.2.4/lib/ruby/gems/2.2.0/gems/railties-4.1.4/lib/rails/engine.rb:510:in `call'
/root/.rbenv/versions/2.2.4/lib/ruby/gems/2.2.0/gems/railties-4.1.4/lib/rails/application.rb:144:in `call'
/root/.rbenv/versions/2.2.4/lib/ruby/gems/2.2.0/gems/puma-2.16.0/lib/puma/configuration.rb:81:in `call'
/root/.rbenv/versions/2.2.4/lib/ruby/gems/2.2.0/gems/puma-2.16.0/lib/puma/server.rb:557:in `handle_request'
/root/.rbenv/versions/2.2.4/lib/ruby/gems/2.2.0/gems/puma-2.16.0/lib/puma/server.rb:404:in `process_client'
/root/.rbenv/versions/2.2.4/lib/ruby/gems/2.2.0/gems/puma-2.16.0/lib/puma/server.rb:270:in `block in run'
/root/.rbenv/versions/2.2.4/lib/ruby/gems/2.2.0/gems/puma-2.16.0/lib/puma/thread_pool.rb:106:in `call'
/root/.rbenv/versions/2.2.4/lib/ruby/gems/2.2.0/gems/puma-2.16.0/lib/puma/thread_pool.rb:106:in `block in spawn_thread'
2017-03-10 18:33:12 +0000: Rack app error: #<RuntimeError: Missing `secret_key_base` for 'production' environment, set this value in `config/secrets.yml`>
/root/.rbenv/versions/2.2.4/lib/ruby/gems/2.2.0/gems/railties-4.1.4/lib/rails/application.rb:452:in `validate_secret_key_config!'
/root/.rbenv/versions/2.2.4/lib/ruby/gems/2.2.0/gems/railties-4.1.4/lib/rails/application.rb:195:in `env_config'
/root/.rbenv/versions/2.2.4/lib/ruby/gems/2.2.0/gems/railties-4.1.4/lib/rails/engine.rb:510:in `call'
/root/.rbenv/versions/2.2.4/lib/ruby/gems/2.2.0/gems/railties-4.1.4/lib/rails/application.rb:144:in `call'
/root/.rbenv/versions/2.2.4/lib/ruby/gems/2.2.0/gems/puma-2.16.0/lib/puma/configuration.rb:81:in `call'
/root/.rbenv/versions/2.2.4/lib/ruby/gems/2.2.0/gems/puma-2.16.0/lib/puma/server.rb:557:in `handle_request'
/root/.rbenv/versions/2.2.4/lib/ruby/gems/2.2.0/gems/puma-2.16.0/lib/puma/server.rb:404:in `process_client'
/root/.rbenv/versions/2.2.4/lib/ruby/gems/2.2.0/gems/puma-2.16.0/lib/puma/server.rb:270:in `block in run'
/root/.rbenv/versions/2.2.4/lib/ruby/gems/2.2.0/gems/puma-2.16.0/lib/puma/thread_pool.rb:106:in `call'
/root/.rbenv/versions/2.2.4/lib/ruby/gems/2.2.0/gems/puma-2.16.0/lib/puma/thread_pool.rb:106:in `block in spawn_thread'
